# JRE version: OpenJDK Runtime Environment (8.0_152-b01) (build 1.8.0_152-release-1248-b01)
# Java VM: OpenJDK 64-Bit Server VM (25.152-b01 mixed mode windows-amd64 compressed oops)
Heap:
 PSYoungGen      total 169472K, used 103067K [0x00000000e0000000, 0x00000000ec380000, 0x0000000100000000)
  eden space 148992K, 55% used [0x00000000e0000000,0x00000000e50ae9a0,0x00000000e9180000)
  from space 20480K, 99% used [0x00000000eac80000,0x00000000ec078650,0x00000000ec080000)
  to   space 3072K, 99% used [0x00000000ec080000,0x00000000ec37ddb8,0x00000000ec380000)
 ParOldGen       total 128512K, used 96858K [0x00000000a0000000, 0x00000000a7d80000, 0x00000000e0000000)
  object space 128512K, 75% used [0x00000000a0000000,0x00000000a5e969c0,0x00000000a7d80000)
 Metaspace       used 95373K, capacity 98475K, committed 98600K, reserved 1134592K
  class space    used 12548K, capacity 13193K, committed 13216K, reserved 1048576K
GC Heap History (10 events):
Event: 45.237 GC heap after
Heap after GC invocations=18 (full 3):
 PSYoungGen      total 139264K, used 12694K [0x00000000e0000000, 0x00000000eba00000, 0x0000000100000000)
  eden space 126464K, 0% used [0x00000000e0000000,0x00000000e0000000,0x00000000e7b80000)
  from space 12800K, 99% used [0x00000000e7b80000,0x00000000e87e59c0,0x00000000e8800000)
  to   space 14336K, 0% used [0x00000000eac00000,0x00000000eac00000,0x00000000eba00000)
 ParOldGen       total 128512K, used 33692K [0x00000000a0000000, 0x00000000a7d80000, 0x00000000e0000000)
  object space 128512K, 26% used [0x00000000a0000000,0x00000000a20e73c0,0x00000000a7d80000)
 Metaspace       used 63821K, capacity 65558K, committed 65688K, reserved 1105920K
  class space    used 8598K, capacity 9026K, committed 9120K, reserved 1048576K
}
Event: 53.452 GC heap before
{Heap before GC invocations=19 (full 3):
 PSYoungGen      total 139264K, used 139158K [0x00000000e0000000, 0x00000000eba00000, 0x0000000100000000)
  eden space 126464K, 100% used [0x00000000e0000000,0x00000000e7b80000,0x00000000e7b80000)
  from space 12800K, 99% used [0x00000000e7b80000,0x00000000e87e59c0,0x00000000e8800000)
  to   space 14336K, 0% used [0x00000000eac00000,0x00000000eac00000,0x00000000eba00000)
 ParOldGen       total 128512K, used 33692K [0x00000000a0000000, 0x00000000a7d80000, 0x00000000e0000000)
  object space 128512K, 26% used [0x00000000a0000000,0x00000000a20e73c0,0x00000000a7d80000)
 Metaspace       used 69187K, capacity 70971K, committed 71064K, reserved 1110016K
  class space    used 9337K, capacity 9799K, committed 9888K, reserved 1048576K
Event: 53.483 GC heap after
Heap after GC invocations=19 (full 3):
 PSYoungGen      total 172544K, used 14318K [0x00000000e0000000, 0x00000000ebd80000, 0x0000000100000000)
  eden space 158208K, 0% used [0x00000000e0000000,0x00000000e0000000,0x00000000e9a80000)
  from space 14336K, 99% used [0x00000000eac00000,0x00000000eb9fba88,0x00000000eba00000)
  to   space 17920K, 0% used [0x00000000e9a80000,0x00000000e9a80000,0x00000000eac00000)
 ParOldGen       total 128512K, used 39050K [0x00000000a0000000, 0x00000000a7d80000, 0x00000000e0000000)
  object space 128512K, 30% used [0x00000000a0000000,0x00000000a26228c0,0x00000000a7d80000)
 Metaspace       used 69187K, capacity 70971K, committed 71064K, reserved 1110016K
  class space    used 9337K, capacity 9799K, committed 9888K, reserved 1048576K
}
Event: 92.765 GC heap before
{Heap before GC invocations=20 (full 3):
 PSYoungGen      total 172544K, used 172526K [0x00000000e0000000, 0x00000000ebd80000, 0x0000000100000000)
  eden space 158208K, 100% used [0x00000000e0000000,0x00000000e9a80000,0x00000000e9a80000)
  from space 14336K, 99% used [0x00000000eac00000,0x00000000eb9fba88,0x00000000eba00000)
  to   space 17920K, 0% used [0x00000000e9a80000,0x00000000e9a80000,0x00000000eac00000)
 ParOldGen       total 128512K, used 39050K [0x00000000a0000000, 0x00000000a7d80000, 0x00000000e0000000)
  object space 128512K, 30% used [0x00000000a0000000,0x00000000a26228c0,0x00000000a7d80000)
 Metaspace       used 79434K, capacity 82111K, committed 82200K, reserved 1120256K
  class space    used 10716K, capacity 11287K, committed 11296K, reserved 1048576K
Event: 92.821 GC heap after
Heap after GC invocations=20 (full 3):
 PSYoungGen      total 176128K, used 13254K [0x00000000e0000000, 0x00000000ed500000, 0x0000000100000000)
  eden space 158208K, 0% used [0x00000000e0000000,0x00000000e0000000,0x00000000e9a80000)
  from space 17920K, 73% used [0x00000000e9a80000,0x00000000ea771800,0x00000000eac00000)
  to   space 18432K, 0% used [0x00000000ec300000,0x00000000ec300000,0x00000000ed500000)
 ParOldGen       total 128512K, used 52794K [0x00000000a0000000, 0x00000000a7d80000, 0x00000000e0000000)
  object space 128512K, 41% used [0x00000000a0000000,0x00000000a338e998,0x00000000a7d80000)
 Metaspace       used 79434K, capacity 82111K, committed 82200K, reserved 1120256K
  class space    used 10716K, capacity 11287K, committed 11296K, reserved 1048576K
}
Event: 1512.113 GC heap before
{Heap before GC invocations=21 (full 3):
 PSYoungGen      total 176128K, used 171462K [0x00000000e0000000, 0x00000000ed500000, 0x0000000100000000)
  eden space 158208K, 100% used [0x00000000e0000000,0x00000000e9a80000,0x00000000e9a80000)
  from space 17920K, 73% used [0x00000000e9a80000,0x00000000ea771800,0x00000000eac00000)
  to   space 18432K, 0% used [0x00000000ec300000,0x00000000ec300000,0x00000000ed500000)
 ParOldGen       total 128512K, used 52794K [0x00000000a0000000, 0x00000000a7d80000, 0x00000000e0000000)
  object space 128512K, 41% used [0x00000000a0000000,0x00000000a338e998,0x00000000a7d80000)
 Metaspace       used 85965K, capacity 88997K, committed 89240K, reserved 1126400K
  class space    used 11440K, capacity 12072K, committed 12192K, reserved 1048576K
Event: 1512.248 GC heap after
Heap after GC invocations=21 (full 3):
 PSYoungGen      total 171520K, used 17414K [0x00000000e0000000, 0x00000000ed480000, 0x0000000100000000)
  eden space 153600K, 0% used [0x00000000e0000000,0x00000000e0000000,0x00000000e9600000)
  from space 17920K, 97% used [0x00000000ec300000,0x00000000ed401998,0x00000000ed480000)
  to   space 20480K, 0% used [0x00000000eac80000,0x00000000eac80000,0x00000000ec080000)
 ParOldGen       total 128512K, used 52802K [0x00000000a0000000, 0x00000000a7d80000, 0x00000000e0000000)
  object space 128512K, 41% used [0x00000000a0000000,0x00000000a3390998,0x00000000a7d80000)
 Metaspace       used 85965K, capacity 88997K, committed 89240K, reserved 1126400K
  class space    used 11440K, capacity 12072K, committed 12192K, reserved 1048576K
}
Event: 1578.051 GC heap before
{Heap before GC invocations=22 (full 3):
 PSYoungGen      total 171520K, used 171014K [0x00000000e0000000, 0x00000000ed480000, 0x0000000100000000)
  eden space 153600K, 100% used [0x00000000e0000000,0x00000000e9600000,0x00000000e9600000)
  from space 17920K, 97% used [0x00000000ec300000,0x00000000ed401998,0x00000000ed480000)
  to   space 20480K, 0% used [0x00000000eac80000,0x00000000eac80000,0x00000000ec080000)
 ParOldGen       total 128512K, used 52802K [0x00000000a0000000, 0x00000000a7d80000, 0x00000000e0000000)
  object space 128512K, 41% used [0x00000000a0000000,0x00000000a3390998,0x00000000a7d80000)
 Metaspace       used 93346K, capacity 96485K, committed 96792K, reserved 1132544K
  class space    used 12346K, capacity 12996K, committed 13088K, reserved 1048576K
Event: 1578.098 GC heap after
Heap after GC invocations=22 (full 3):
 PSYoungGen      total 169472K, used 20449K [0x00000000e0000000, 0x00000000ec380000, 0x0000000100000000)
  eden space 148992K, 0% used [0x00000000e0000000,0x00000000e0000000,0x00000000e9180000)
  from space 20480K, 99% used [0x00000000eac80000,0x00000000ec078650,0x00000000ec080000)
  to   space 3072K, 0% used [0x00000000ec080000,0x00000000ec080000,0x00000000ec380000)
 ParOldGen       total 128512K, used 54556K [0x00000000a0000000, 0x00000000a7d80000, 0x00000000e0000000)
  object space 128512K, 42% used [0x00000000a0000000,0x00000000a3547380,0x00000000a7d80000)
 Metaspace       used 93346K, capacity 96485K, committed 96792K, reserved 1132544K
  class space    used 12346K, capacity 12996K, committed 13088K, reserved 1048576K
}
Event: 1579.914 GC heap before
{Heap before GC invocations=23 (full 3):
 PSYoungGen      total 169472K, used 103067K [0x00000000e0000000, 0x00000000ec380000, 0x0000000100000000)
  eden space 148992K, 55% used [0x00000000e0000000,0x00000000e50ae9a0,0x00000000e9180000)
  from space 20480K, 99% used [0x00000000eac80000,0x00000000ec078650,0x00000000ec080000)
  to   space 3072K, 0% used [0x00000000ec080000,0x00000000ec080000,0x00000000ec380000)
 ParOldGen       total 128512K, used 54556K [0x00000000a0000000, 0x00000000a7d80000, 0x00000000e0000000)
  object space 128512K, 42% used [0x00000000a0000000,0x00000000a3547380,0x00000000a7d80000)
 Metaspace       used 95373K, capacity 98475K, committed 98600K, reserved 1134592K
  class space    used 12548K, capacity 13193K, committed 13216K, reserved 1048576K

