# JRE version: OpenJDK Runtime Environment (8.0_152-b01) (build 1.8.0_152-release-1248-b01)
# Java VM: OpenJDK 64-Bit Server VM (25.152-b01 mixed mode windows-amd64 compressed oops)
Heap:
 PSYoungGen      total 404992K, used 404813K [0x00000000e0000000, 0x0000000100000000, 0x0000000100000000)
  eden space 327680K, 100% used [0x00000000e0000000,0x00000000f4000000,0x00000000f4000000)
  from space 77312K, 99% used [0x00000000f4000000,0x00000000f8b53568,0x00000000f8b80000)
  to   space 105984K, 5% used [0x00000000f9880000,0x00000000f9e60520,0x0000000100000000)
 ParOldGen       total 208384K, used 190806K [0x00000000a0000000, 0x00000000acb80000, 0x00000000e0000000)
  object space 208384K, 91% used [0x00000000a0000000,0x00000000aba55988,0x00000000acb80000)
 Metaspace       used 113934K, capacity 118395K, committed 118552K, reserved 1153024K
  class space    used 14207K, capacity 15064K, committed 15136K, reserved 1048576K
GC Heap History (10 events):
Event: 3093.777 GC heap after
Heap after GC invocations=35 (full 4):
 PSYoungGen      total 346624K, used 22761K [0x00000000e0000000, 0x00000000fdb00000, 0x0000000100000000)
  eden space 279552K, 0% used [0x00000000e0000000,0x00000000e0000000,0x00000000f1100000)
  from space 67072K, 33% used [0x00000000f1100000,0x00000000f273a7d8,0x00000000f5280000)
  to   space 64512K, 0% used [0x00000000f9c00000,0x00000000f9c00000,0x00000000fdb00000)
 ParOldGen       total 208384K, used 74607K [0x00000000a0000000, 0x00000000acb80000, 0x00000000e0000000)
  object space 208384K, 35% used [0x00000000a0000000,0x00000000a48dbd50,0x00000000acb80000)
 Metaspace       used 104802K, capacity 108703K, committed 108952K, reserved 1144832K
  class space    used 13338K, capacity 14142K, committed 14240K, reserved 1048576K
}
Event: 3315.397 GC heap before
{Heap before GC invocations=36 (full 4):
 PSYoungGen      total 346624K, used 302313K [0x00000000e0000000, 0x00000000fdb00000, 0x0000000100000000)
  eden space 279552K, 100% used [0x00000000e0000000,0x00000000f1100000,0x00000000f1100000)
  from space 67072K, 33% used [0x00000000f1100000,0x00000000f273a7d8,0x00000000f5280000)
  to   space 64512K, 0% used [0x00000000f9c00000,0x00000000f9c00000,0x00000000fdb00000)
 ParOldGen       total 208384K, used 74607K [0x00000000a0000000, 0x00000000acb80000, 0x00000000e0000000)
  object space 208384K, 35% used [0x00000000a0000000,0x00000000a48dbd50,0x00000000acb80000)
 Metaspace       used 105403K, capacity 109387K, committed 109592K, reserved 1144832K
  class space    used 13396K, capacity 14244K, committed 14368K, reserved 1048576K
Event: 3315.447 GC heap after
Heap after GC invocations=36 (full 4):
 PSYoungGen      total 413696K, used 22497K [0x00000000e0000000, 0x00000000fd500000, 0x0000000100000000)
  eden space 355328K, 0% used [0x00000000e0000000,0x00000000e0000000,0x00000000f5b00000)
  from space 58368K, 38% used [0x00000000f9c00000,0x00000000fb1f8790,0x00000000fd500000)
  to   space 62464K, 0% used [0x00000000f5b00000,0x00000000f5b00000,0x00000000f9800000)
 ParOldGen       total 208384K, used 78831K [0x00000000a0000000, 0x00000000acb80000, 0x00000000e0000000)
  object space 208384K, 37% used [0x00000000a0000000,0x00000000a4cfbdc8,0x00000000acb80000)
 Metaspace       used 105403K, capacity 109387K, committed 109592K, reserved 1144832K
  class space    used 13396K, capacity 14244K, committed 14368K, reserved 1048576K
}
Event: 3384.982 GC heap before
{Heap before GC invocations=37 (full 4):
 PSYoungGen      total 413696K, used 377825K [0x00000000e0000000, 0x00000000fd500000, 0x0000000100000000)
  eden space 355328K, 100% used [0x00000000e0000000,0x00000000f5b00000,0x00000000f5b00000)
  from space 58368K, 38% used [0x00000000f9c00000,0x00000000fb1f8790,0x00000000fd500000)
  to   space 62464K, 0% used [0x00000000f5b00000,0x00000000f5b00000,0x00000000f9800000)
 ParOldGen       total 208384K, used 78831K [0x00000000a0000000, 0x00000000acb80000, 0x00000000e0000000)
  object space 208384K, 37% used [0x00000000a0000000,0x00000000a4cfbdc8,0x00000000acb80000)
 Metaspace       used 111654K, capacity 115825K, committed 116120K, reserved 1150976K
  class space    used 14105K, capacity 14941K, committed 15008K, reserved 1048576K
Event: 3385.132 GC heap after
Heap after GC invocations=37 (full 4):
 PSYoungGen      total 417792K, used 62455K [0x00000000e0000000, 0x0000000100000000, 0x0000000100000000)
  eden space 355328K, 0% used [0x00000000e0000000,0x00000000e0000000,0x00000000f5b00000)
  from space 62464K, 99% used [0x00000000f5b00000,0x00000000f97fdd78,0x00000000f9800000)
  to   space 84480K, 0% used [0x00000000fad80000,0x00000000fad80000,0x0000000100000000)
 ParOldGen       total 208384K, used 113444K [0x00000000a0000000, 0x00000000acb80000, 0x00000000e0000000)
  object space 208384K, 54% used [0x00000000a0000000,0x00000000a6ec9358,0x00000000acb80000)
 Metaspace       used 111654K, capacity 115825K, committed 116120K, reserved 1150976K
  class space    used 14105K, capacity 14941K, committed 15008K, reserved 1048576K
}
Event: 3392.554 GC heap before
{Heap before GC invocations=38 (full 4):
 PSYoungGen      total 417792K, used 417783K [0x00000000e0000000, 0x0000000100000000, 0x0000000100000000)
  eden space 355328K, 100% used [0x00000000e0000000,0x00000000f5b00000,0x00000000f5b00000)
  from space 62464K, 99% used [0x00000000f5b00000,0x00000000f97fdd78,0x00000000f9800000)
  to   space 84480K, 0% used [0x00000000fad80000,0x00000000fad80000,0x0000000100000000)
 ParOldGen       total 208384K, used 113444K [0x00000000a0000000, 0x00000000acb80000, 0x00000000e0000000)
  object space 208384K, 54% used [0x00000000a0000000,0x00000000a6ec9358,0x00000000acb80000)
 Metaspace       used 112998K, capacity 117283K, committed 117400K, reserved 1150976K
  class space    used 14145K, capacity 14990K, committed 15008K, reserved 1048576K
Event: 3392.708 GC heap after
Heap after GC invocations=38 (full 4):
 PSYoungGen      total 412160K, used 84459K [0x00000000e0000000, 0x0000000100000000, 0x0000000100000000)
  eden space 327680K, 0% used [0x00000000e0000000,0x00000000e0000000,0x00000000f4000000)
  from space 84480K, 99% used [0x00000000fad80000,0x00000000ffffaf38,0x0000000100000000)
  to   space 98304K, 0% used [0x00000000f4000000,0x00000000f4000000,0x00000000fa000000)
 ParOldGen       total 208384K, used 115814K [0x00000000a0000000, 0x00000000acb80000, 0x00000000e0000000)
  object space 208384K, 55% used [0x00000000a0000000,0x00000000a7119ab0,0x00000000acb80000)
 Metaspace       used 112998K, capacity 117283K, committed 117400K, reserved 1150976K
  class space    used 14145K, capacity 14990K, committed 15008K, reserved 1048576K
}
Event: 3399.259 GC heap before
{Heap before GC invocations=39 (full 4):
 PSYoungGen      total 412160K, used 412139K [0x00000000e0000000, 0x0000000100000000, 0x0000000100000000)
  eden space 327680K, 100% used [0x00000000e0000000,0x00000000f4000000,0x00000000f4000000)
  from space 84480K, 99% used [0x00000000fad80000,0x00000000ffffaf38,0x0000000100000000)
  to   space 98304K, 0% used [0x00000000f4000000,0x00000000f4000000,0x00000000fa000000)
 ParOldGen       total 208384K, used 115814K [0x00000000a0000000, 0x00000000acb80000, 0x00000000e0000000)
  object space 208384K, 55% used [0x00000000a0000000,0x00000000a7119ab0,0x00000000acb80000)
 Metaspace       used 113355K, capacity 117703K, committed 117912K, reserved 1153024K
  class space    used 14150K, capacity 14990K, committed 15008K, reserved 1048576K
Event: 3399.461 GC heap after
Heap after GC invocations=39 (full 4):
 PSYoungGen      total 404992K, used 77133K [0x00000000e0000000, 0x0000000100000000, 0x0000000100000000)
  eden space 327680K, 0% used [0x00000000e0000000,0x00000000e0000000,0x00000000f4000000)
  from space 77312K, 99% used [0x00000000f4000000,0x00000000f8b53568,0x00000000f8b80000)
  to   space 105984K, 0% used [0x00000000f9880000,0x00000000f9880000,0x0000000100000000)
 ParOldGen       total 208384K, used 164029K [0x00000000a0000000, 0x00000000acb80000, 0x00000000e0000000)
  object space 208384K, 78% used [0x00000000a0000000,0x00000000aa02f708,0x00000000acb80000)
 Metaspace       used 113355K, capacity 117703K, committed 117912K, reserved 1153024K
  class space    used 14150K, capacity 14990K, committed 15008K, reserved 1048576K
}
Event: 3404.624 GC heap before
{Heap before GC invocations=40 (full 4):
 PSYoungGen      total 404992K, used 404813K [0x00000000e0000000, 0x0000000100000000, 0x0000000100000000)
  eden space 327680K, 100% used [0x00000000e0000000,0x00000000f4000000,0x00000000f4000000)
  from space 77312K, 99% used [0x00000000f4000000,0x00000000f8b53568,0x00000000f8b80000)
  to   space 105984K, 0% used [0x00000000f9880000,0x00000000f9880000,0x0000000100000000)
 ParOldGen       total 208384K, used 164029K [0x00000000a0000000, 0x00000000acb80000, 0x00000000e0000000)
  object space 208384K, 78% used [0x00000000a0000000,0x00000000aa02f708,0x00000000acb80000)
 Metaspace       used 113934K, capacity 118395K, committed 118552K, reserved 1153024K
  class space    used 14207K, capacity 15064K, committed 15136K, reserved 1048576K

